[debug] [2024-10-16T07:13:43.435Z] ----------------------------------------------------------------------
[debug] [2024-10-16T07:13:43.439Z] Command:       C:\Program Files\nodejs\node.exe C:\Users\Arvind\AppData\Roaming\npm\node_modules\firebase-tools\lib\bin\firebase.js init hosting
[debug] [2024-10-16T07:13:43.440Z] CLI Version:   13.22.0
[debug] [2024-10-16T07:13:43.440Z] Platform:      win32
[debug] [2024-10-16T07:13:43.440Z] Node Version:  v18.12.0
[debug] [2024-10-16T07:13:43.442Z] Time:          Wed Oct 16 2024 12:43:43 GMT+0530 (India Standard Time)
[debug] [2024-10-16T07:13:43.444Z] ----------------------------------------------------------------------
[debug] 
[debug] [2024-10-16T07:13:43.451Z] >>> [apiv2][query] GET https://firebase-public.firebaseio.com/cli.json [none]
[debug] [2024-10-16T07:13:43.552Z] > command requires scopes: ["email","openid","https://www.googleapis.com/auth/cloudplatformprojects.readonly","https://www.googleapis.com/auth/firebase","https://www.googleapis.com/auth/cloud-platform"]
[debug] [2024-10-16T07:13:43.552Z] > authorizing via signed-in user (aravindgunturu1424@gmail.com)
[info] 
     ######## #### ########  ######## ########     ###     ######  ########
     ##        ##  ##     ## ##       ##     ##  ##   ##  ##       ##
     ######    ##  ########  ######   ########  #########  ######  ######
     ##        ##  ##    ##  ##       ##     ## ##     ##       ## ##
     ##       #### ##     ## ######## ########  ##     ##  ######  ########

You're about to initialize a Firebase project in this directory:

  C:\Users\Arvind\Desktop\final\vcode

[info] 
=== Project Setup
[info] 
[info] First, let's associate this project directory with a Firebase project.
[info] You can create multiple project aliases by running firebase use --add, 
[info] but for now we'll just set up a default project.
[info] 
[debug] [2024-10-16T07:13:52.282Z] <<< [apiv2][status] GET https://firebase-public.firebaseio.com/cli.json 200
[debug] [2024-10-16T07:13:52.283Z] <<< [apiv2][body] GET https://firebase-public.firebaseio.com/cli.json {"cloudBuildErrorAfter":1594252800000,"cloudBuildWarnAfter":1590019200000,"defaultNode10After":1594252800000,"minVersion":"3.0.5","node8DeploysDisabledAfter":1613390400000,"node8RuntimeDisabledAfter":1615809600000,"node8WarnAfter":1600128000000}
[debug] [2024-10-16T07:15:57.920Z] Checked if tokens are valid: false, expires at: 1728886892164
[debug] [2024-10-16T07:15:57.921Z] Checked if tokens are valid: false, expires at: 1728886892164
[debug] [2024-10-16T07:15:57.922Z] > refreshing access token with scopes: []
[debug] [2024-10-16T07:15:57.925Z] >>> [apiv2][query] POST https://www.googleapis.com/oauth2/v3/token [none]
[debug] [2024-10-16T07:15:57.925Z] >>> [apiv2][body] POST https://www.googleapis.com/oauth2/v3/token [omitted]
[debug] [2024-10-16T07:15:59.496Z] <<< [apiv2][status] POST https://www.googleapis.com/oauth2/v3/token 200
[debug] [2024-10-16T07:15:59.496Z] <<< [apiv2][body] POST https://www.googleapis.com/oauth2/v3/token [omitted]
[debug] [2024-10-16T07:16:01.004Z] >>> [apiv2][query] GET https://firebase.googleapis.com/v1beta1/projects pageSize=100
[debug] [2024-10-16T07:16:05.060Z] <<< [apiv2][status] GET https://firebase.googleapis.com/v1beta1/projects 200
[debug] [2024-10-16T07:16:05.061Z] <<< [apiv2][body] GET https://firebase.googleapis.com/v1beta1/projects [omitted]
[info] i  Using project vcode-1234 (vcode) 
[info] 
=== Hosting Setup
[debug] [2024-10-16T07:16:31.878Z] Checked if tokens are valid: true, expires at: 1729066558497
[debug] [2024-10-16T07:16:31.878Z] Checked if tokens are valid: true, expires at: 1729066558497
[debug] [2024-10-16T07:16:31.878Z] >>> [apiv2][query] GET https://firebase.googleapis.com/v1beta1/projects/vcode-1234 [none]
[debug] [2024-10-16T07:16:53.138Z] *** [apiv2] error from fetch(https://firebase.googleapis.com/v1beta1/projects/vcode-1234, {"headers":{},"method":"GET","signal":{}}): FetchError: request to https://firebase.googleapis.com/v1beta1/projects/vcode-1234 failed, reason: connect ETIMEDOUT 2404:6800:4007:82d::200a:443
[debug] [2024-10-16T07:16:53.139Z] Failed to make request to https://firebase.googleapis.com/v1beta1/projects/vcode-1234 (original: request to https://firebase.googleapis.com/v1beta1/projects/vcode-1234 failed, reason: connect ETIMEDOUT 2404:6800:4007:82d::200a:443)
[debug] [2024-10-16T07:16:58.158Z] Error: Timed out.
    at Timeout._onTimeout (C:\Users\Arvind\AppData\Roaming\npm\node_modules\firebase-tools\lib\utils.js:268:49)
    at listOnTimeout (node:internal/timers:564:17)
    at process.processTimers (node:internal/timers:507:7)
[error] 
[error] Error: An unexpected error has occurred.
[debug] [2024-10-16T07:17:34.641Z] ----------------------------------------------------------------------
[debug] [2024-10-16T07:17:34.646Z] Command:       C:\Program Files\nodejs\node.exe C:\Users\Arvind\AppData\Roaming\npm\node_modules\firebase-tools\lib\bin\firebase.js init hosting
[debug] [2024-10-16T07:17:34.646Z] CLI Version:   13.22.0
[debug] [2024-10-16T07:17:34.647Z] Platform:      win32
[debug] [2024-10-16T07:17:34.647Z] Node Version:  v18.12.0
[debug] [2024-10-16T07:17:34.649Z] Time:          Wed Oct 16 2024 12:47:34 GMT+0530 (India Standard Time)
[debug] [2024-10-16T07:17:34.649Z] ----------------------------------------------------------------------
[debug] 
[debug] [2024-10-16T07:17:34.670Z] > command requires scopes: ["email","openid","https://www.googleapis.com/auth/cloudplatformprojects.readonly","https://www.googleapis.com/auth/firebase","https://www.googleapis.com/auth/cloud-platform"]
[debug] [2024-10-16T07:17:34.671Z] > authorizing via signed-in user (aravindgunturu1424@gmail.com)
[info] 
     ######## #### ########  ######## ########     ###     ######  ########
     ##        ##  ##     ## ##       ##     ##  ##   ##  ##       ##
     ######    ##  ########  ######   ########  #########  ######  ######
     ##        ##  ##    ##  ##       ##     ## ##     ##       ## ##
     ##       #### ##     ## ######## ########  ##     ##  ######  ########

You're about to initialize a Firebase project in this directory:

  C:\Users\Arvind\Desktop\final\vcode

[info] 
=== Project Setup
[info] 
[info] First, let's associate this project directory with a Firebase project.
[info] You can create multiple project aliases by running firebase use --add, 
[info] but for now we'll just set up a default project.
[info] 
[debug] [2024-10-16T07:17:52.564Z] Checked if tokens are valid: true, expires at: 1729066558497
[debug] [2024-10-16T07:17:52.565Z] Checked if tokens are valid: true, expires at: 1729066558497
[debug] [2024-10-16T07:17:52.570Z] >>> [apiv2][query] GET https://firebase.googleapis.com/v1beta1/projects pageSize=100
[debug] [2024-10-16T07:17:56.667Z] <<< [apiv2][status] GET https://firebase.googleapis.com/v1beta1/projects 200
[debug] [2024-10-16T07:17:56.667Z] <<< [apiv2][body] GET https://firebase.googleapis.com/v1beta1/projects [omitted]
[info] i  Using project vcode-1234 (vcode) 
[info] 
=== Hosting Setup
[debug] [2024-10-16T07:18:05.011Z] Checked if tokens are valid: true, expires at: 1729066558497
[debug] [2024-10-16T07:18:05.011Z] Checked if tokens are valid: true, expires at: 1729066558497
[debug] [2024-10-16T07:18:05.012Z] >>> [apiv2][query] GET https://firebase.googleapis.com/v1beta1/projects/vcode-1234 [none]
[debug] [2024-10-16T07:18:26.060Z] *** [apiv2] error from fetch(https://firebase.googleapis.com/v1beta1/projects/vcode-1234, {"headers":{},"method":"GET","signal":{}}): FetchError: request to https://firebase.googleapis.com/v1beta1/projects/vcode-1234 failed, reason: connect ETIMEDOUT 2404:6800:4007:82d::200a:443
[debug] [2024-10-16T07:18:26.061Z] Failed to make request to https://firebase.googleapis.com/v1beta1/projects/vcode-1234 (original: request to https://firebase.googleapis.com/v1beta1/projects/vcode-1234 failed, reason: connect ETIMEDOUT 2404:6800:4007:82d::200a:443)
[debug] [2024-10-16T07:18:31.081Z] Error: Timed out.
    at Timeout._onTimeout (C:\Users\Arvind\AppData\Roaming\npm\node_modules\firebase-tools\lib\utils.js:268:49)
    at listOnTimeout (node:internal/timers:564:17)
    at process.processTimers (node:internal/timers:507:7)
[error] 
[error] Error: An unexpected error has occurred.
[debug] [2024-10-16T07:19:51.332Z] ----------------------------------------------------------------------
[debug] [2024-10-16T07:19:51.337Z] Command:       C:\Program Files\nodejs\node.exe C:\Users\Arvind\AppData\Roaming\npm\node_modules\firebase-tools\lib\bin\firebase.js init hosting --debug
[debug] [2024-10-16T07:19:51.338Z] CLI Version:   13.22.0
[debug] [2024-10-16T07:19:51.338Z] Platform:      win32
[debug] [2024-10-16T07:19:51.338Z] Node Version:  v18.12.0
[debug] [2024-10-16T07:19:51.340Z] Time:          Wed Oct 16 2024 12:49:51 GMT+0530 (India Standard Time)
[debug] [2024-10-16T07:19:51.341Z] ----------------------------------------------------------------------
[debug] 
[debug] [2024-10-16T07:19:51.356Z] > command requires scopes: ["email","openid","https://www.googleapis.com/auth/cloudplatformprojects.readonly","https://www.googleapis.com/auth/firebase","https://www.googleapis.com/auth/cloud-platform"]
[debug] [2024-10-16T07:21:02.921Z] > authorizing via signed-in user (aravindgunturu1424@gmail.com)
[info] 
     ######## #### ########  ######## ########     ###     ######  ########
     ##        ##  ##     ## ##       ##     ##  ##   ##  ##       ##
     ######    ##  ########  ######   ########  #########  ######  ######
     ##        ##  ##    ##  ##       ##     ## ##     ##       ## ##
     ##       #### ##     ## ######## ########  ##     ##  ######  ########

You're about to initialize a Firebase project in this directory:

  C:\Users\Arvind\Desktop\final\vcode

[info] 
=== Project Setup
[info] 
[info] First, let's associate this project directory with a Firebase project.
[info] You can create multiple project aliases by running firebase use --add, 
[info] but for now we'll just set up a default project.
[info] 
[debug] [2024-10-16T07:21:31.329Z] Checked if tokens are valid: true, expires at: 1729066558497
[debug] [2024-10-16T07:21:31.330Z] Checked if tokens are valid: true, expires at: 1729066558497
[debug] [2024-10-16T07:21:31.335Z] >>> [apiv2][query] GET https://firebase.googleapis.com/v1beta1/projects pageSize=100
[debug] [2024-10-16T07:21:33.424Z] <<< [apiv2][status] GET https://firebase.googleapis.com/v1beta1/projects 200
[debug] [2024-10-16T07:21:33.425Z] <<< [apiv2][body] GET https://firebase.googleapis.com/v1beta1/projects [omitted]
[info] i  Using project vcode-1234 (vcode) 
[info] 
=== Hosting Setup
[debug] [2024-10-16T07:21:37.630Z] Checked if tokens are valid: true, expires at: 1729066558497
[debug] [2024-10-16T07:21:37.631Z] Checked if tokens are valid: true, expires at: 1729066558497
[debug] [2024-10-16T07:21:37.635Z] >>> [apiv2][query] GET https://firebase.googleapis.com/v1beta1/projects/vcode-1234 [none]
[debug] [2024-10-16T07:21:40.217Z] <<< [apiv2][status] GET https://firebase.googleapis.com/v1beta1/projects/vcode-1234 200
[debug] [2024-10-16T07:21:40.221Z] <<< [apiv2][body] GET https://firebase.googleapis.com/v1beta1/projects/vcode-1234 {"projectId":"vcode-1234","projectNumber":"975914981944","displayName":"vcode","name":"projects/vcode-1234","resources":{"hostingSite":"vcode-1234","storageBucket":"vcode-1234.appspot.com","locationId":"us-central"},"state":"ACTIVE","etag":"1_6b22215a-2f25-45da-81ec-8da4d9b48674"}
[info] 
[info] Your public directory is the folder (relative to your project directory) that
[info] will contain Hosting assets to be uploaded with firebase deploy. If you
[info] have a build process for your assets, use your build's output directory.
[info] 
[debug] [2024-10-16T07:35:39.570Z] >>> [apiv2][query] GET https://www.gstatic.com/firebasejs/releases.json [none]
[debug] [2024-10-16T07:36:00.241Z] *** [apiv2] error from fetch(https://www.gstatic.com/firebasejs/releases.json, {"headers":{},"method":"GET"}): FetchError: request to https://www.gstatic.com/firebasejs/releases.json failed, reason: read ECONNRESET
[debug] [2024-10-16T07:36:01.995Z] FetchError: request to https://www.gstatic.com/firebasejs/releases.json failed, reason: read ECONNRESET
    at ClientRequest.<anonymous> (C:\Users\Arvind\AppData\Roaming\npm\node_modules\firebase-tools\node_modules\node-fetch\lib\index.js:1501:11)
    at ClientRequest.emit (node:events:513:28)
    at ClientRequest.emit (node:domain:489:12)
    at TLSSocket.socketErrorListener (node:_http_client:494:9)
    at TLSSocket.emit (node:events:513:28)
    at TLSSocket.emit (node:domain:489:12)
    at emitErrorNT (node:internal/streams/destroy:151:8)
    at emitErrorCloseNT (node:internal/streams/destroy:116:3)
    at process.processTicksAndRejections (node:internal/process/task_queues:82:21)
[error] 
[error] Error: Failed to make request to https://www.gstatic.com/firebasejs/releases.json
[debug] [2024-10-16T07:39:39.031Z] ----------------------------------------------------------------------
[debug] [2024-10-16T07:39:39.035Z] Command:       C:\Program Files\nodejs\node.exe C:\Users\Arvind\AppData\Roaming\npm\node_modules\firebase-tools\lib\bin\firebase.js init hosting
[debug] [2024-10-16T07:39:39.036Z] CLI Version:   13.22.0
[debug] [2024-10-16T07:39:39.037Z] Platform:      win32
[debug] [2024-10-16T07:39:39.037Z] Node Version:  v18.12.0
[debug] [2024-10-16T07:39:39.039Z] Time:          Wed Oct 16 2024 13:09:39 GMT+0530 (India Standard Time)
[debug] [2024-10-16T07:39:39.040Z] ----------------------------------------------------------------------
[debug] 
[debug] [2024-10-16T07:39:39.055Z] > command requires scopes: ["email","openid","https://www.googleapis.com/auth/cloudplatformprojects.readonly","https://www.googleapis.com/auth/firebase","https://www.googleapis.com/auth/cloud-platform"]
[debug] [2024-10-16T07:39:39.056Z] > authorizing via signed-in user (aravindgunturu1424@gmail.com)
[info] 
     ######## #### ########  ######## ########     ###     ######  ########
     ##        ##  ##     ## ##       ##     ##  ##   ##  ##       ##
     ######    ##  ########  ######   ########  #########  ######  ######
     ##        ##  ##    ##  ##       ##     ## ##     ##       ## ##
     ##       #### ##     ## ######## ########  ##     ##  ######  ########

You're about to initialize a Firebase project in this directory:

  C:\Users\Arvind\Desktop\final\vcode

[info] 
=== Project Setup
[info] 
[info] First, let's associate this project directory with a Firebase project.
[info] You can create multiple project aliases by running firebase use --add, 
[info] but for now we'll just set up a default project.
[info] 
[debug] [2024-10-16T07:39:41.890Z] Checked if tokens are valid: true, expires at: 1729066558497
[debug] [2024-10-16T07:39:41.890Z] Checked if tokens are valid: true, expires at: 1729066558497
[debug] [2024-10-16T07:39:41.895Z] >>> [apiv2][query] GET https://firebase.googleapis.com/v1beta1/projects pageSize=100
[debug] [2024-10-16T07:40:03.096Z] *** [apiv2] error from fetch(https://firebase.googleapis.com/v1beta1/projects?pageSize=100, {"headers":{},"method":"GET","signal":{}}): FetchError: request to https://firebase.googleapis.com/v1beta1/projects?pageSize=100 failed, reason: connect ETIMEDOUT 2404:6800:4007:81c::200a:443
[debug] [2024-10-16T07:40:03.099Z] Failed to make request to https://firebase.googleapis.com/v1beta1/projects?pageSize=100
[debug] [2024-10-16T07:40:08.118Z] Error: Timed out.
    at Timeout._onTimeout (C:\Users\Arvind\AppData\Roaming\npm\node_modules\firebase-tools\lib\utils.js:268:49)
    at listOnTimeout (node:internal/timers:564:17)
    at process.processTimers (node:internal/timers:507:7)
[error] 
[error] Error: An unexpected error has occurred.
[debug] [2024-10-16T17:18:33.704Z] ----------------------------------------------------------------------
[debug] [2024-10-16T17:18:33.708Z] Command:       C:\Program Files\nodejs\node.exe C:\Users\Arvind\AppData\Roaming\npm\node_modules\firebase-tools\lib\bin\firebase.js init hosting
[debug] [2024-10-16T17:18:33.709Z] CLI Version:   13.22.0
[debug] [2024-10-16T17:18:33.710Z] Platform:      win32
[debug] [2024-10-16T17:18:33.710Z] Node Version:  v18.12.0
[debug] [2024-10-16T17:18:33.712Z] Time:          Wed Oct 16 2024 22:48:33 GMT+0530 (India Standard Time)
[debug] [2024-10-16T17:18:33.712Z] ----------------------------------------------------------------------
[debug] 
[debug] [2024-10-16T17:18:33.728Z] > command requires scopes: ["email","openid","https://www.googleapis.com/auth/cloudplatformprojects.readonly","https://www.googleapis.com/auth/firebase","https://www.googleapis.com/auth/cloud-platform"]
[debug] [2024-10-16T17:18:33.729Z] > authorizing via signed-in user (aravindgunturu1424@gmail.com)
[info] 
     ######## #### ########  ######## ########     ###     ######  ########
     ##        ##  ##     ## ##       ##     ##  ##   ##  ##       ##
     ######    ##  ########  ######   ########  #########  ######  ######
     ##        ##  ##    ##  ##       ##     ## ##     ##       ## ##
     ##       #### ##     ## ######## ########  ##     ##  ######  ########

You're about to initialize a Firebase project in this directory:

  C:\Users\Arvind\Desktop\final\vcode

[info] 
=== Project Setup
[info] 
[info] First, let's associate this project directory with a Firebase project.
[info] You can create multiple project aliases by running firebase use --add, 
[info] but for now we'll just set up a default project.
[info] 
[debug] [2024-10-16T17:18:38.582Z] Checked if tokens are valid: false, expires at: 1729066558497
[debug] [2024-10-16T17:18:38.582Z] Checked if tokens are valid: false, expires at: 1729066558497
[debug] [2024-10-16T17:18:38.583Z] > refreshing access token with scopes: []
[debug] [2024-10-16T17:18:38.587Z] >>> [apiv2][query] POST https://www.googleapis.com/oauth2/v3/token [none]
[debug] [2024-10-16T17:18:38.587Z] >>> [apiv2][body] POST https://www.googleapis.com/oauth2/v3/token [omitted]
[debug] [2024-10-16T17:18:59.754Z] *** [apiv2] error from fetch(https://www.googleapis.com/oauth2/v3/token, {"headers":{},"method":"POST","body":{"_overheadLength":545,"_valueLength":212,"_valuesToMeasure":[],"writable":false,"readable":true,"dataSize":0,"maxDataSize":2097152,"pauseStreams":true,"_released":true,"_streams":[],"_currentStream":null,"_insideLoop":false,"_pendingNext":false,"_boundary":"--------------------------364614333644869788446103","_events":{},"_eventsCount":1}}): FetchError: request to https://www.googleapis.com/oauth2/v3/token failed, reason: connect ETIMEDOUT 2404:6800:4007:806::200a:443
[debug] [2024-10-16T17:18:59.756Z] Authentication Error: Your credentials are no longer valid. Please run firebase login --reauth

For CI servers and headless environments, generate a new token with firebase login:ci
[debug] [2024-10-16T17:19:04.791Z] Error: Timed out.
    at Timeout._onTimeout (C:\Users\Arvind\AppData\Roaming\npm\node_modules\firebase-tools\lib\utils.js:268:49)
    at listOnTimeout (node:internal/timers:564:17)
    at process.processTimers (node:internal/timers:507:7)
[error] 
[error] Error: An unexpected error has occurred.
[debug] [2024-10-16T17:21:11.260Z] ----------------------------------------------------------------------
[debug] [2024-10-16T17:21:11.265Z] Command:       C:\Program Files\nodejs\node.exe C:\Users\Arvind\AppData\Roaming\npm\node_modules\firebase-tools\lib\bin\firebase.js init hosting
[debug] [2024-10-16T17:21:11.266Z] CLI Version:   13.22.0
[debug] [2024-10-16T17:21:11.266Z] Platform:      win32
[debug] [2024-10-16T17:21:11.266Z] Node Version:  v18.12.0
[debug] [2024-10-16T17:21:11.268Z] Time:          Wed Oct 16 2024 22:51:11 GMT+0530 (India Standard Time)
[debug] [2024-10-16T17:21:11.269Z] ----------------------------------------------------------------------
[debug] 
[debug] [2024-10-16T17:21:11.284Z] > command requires scopes: ["email","openid","https://www.googleapis.com/auth/cloudplatformprojects.readonly","https://www.googleapis.com/auth/firebase","https://www.googleapis.com/auth/cloud-platform"]
[debug] [2024-10-16T17:21:11.285Z] > authorizing via signed-in user (aravindgunturu1424@gmail.com)
[info] 
     ######## #### ########  ######## ########     ###     ######  ########
     ##        ##  ##     ## ##       ##     ##  ##   ##  ##       ##
     ######    ##  ########  ######   ########  #########  ######  ######
     ##        ##  ##    ##  ##       ##     ## ##     ##       ## ##
     ##       #### ##     ## ######## ########  ##     ##  ######  ########

You're about to initialize a Firebase project in this directory:

  C:\Users\Arvind\Desktop\final\vcode

[info] 
=== Project Setup
[info] 
[info] First, let's associate this project directory with a Firebase project.
[info] You can create multiple project aliases by running firebase use --add, 
[info] but for now we'll just set up a default project.
[info] 
[debug] [2024-10-16T17:21:21.254Z] Checked if tokens are valid: false, expires at: 1729066558497
[debug] [2024-10-16T17:21:21.255Z] Checked if tokens are valid: false, expires at: 1729066558497
[debug] [2024-10-16T17:21:21.256Z] > refreshing access token with scopes: []
[debug] [2024-10-16T17:21:21.263Z] >>> [apiv2][query] POST https://www.googleapis.com/oauth2/v3/token [none]
[debug] [2024-10-16T17:21:21.263Z] >>> [apiv2][body] POST https://www.googleapis.com/oauth2/v3/token [omitted]
[debug] [2024-10-16T17:21:22.457Z] <<< [apiv2][status] POST https://www.googleapis.com/oauth2/v3/token 200
[debug] [2024-10-16T17:21:22.458Z] <<< [apiv2][body] POST https://www.googleapis.com/oauth2/v3/token [omitted]
[debug] [2024-10-16T17:21:22.675Z] >>> [apiv2][query] GET https://firebase.googleapis.com/v1beta1/projects pageSize=100
[debug] [2024-10-16T17:21:24.222Z] <<< [apiv2][status] GET https://firebase.googleapis.com/v1beta1/projects 200
[debug] [2024-10-16T17:21:24.222Z] <<< [apiv2][body] GET https://firebase.googleapis.com/v1beta1/projects [omitted]
[info] i  Using project vcode-1234 (vcode) 
[info] 
=== Hosting Setup
[debug] [2024-10-16T17:21:31.016Z] Checked if tokens are valid: true, expires at: 1729102881458
[debug] [2024-10-16T17:21:31.016Z] Checked if tokens are valid: true, expires at: 1729102881458
[debug] [2024-10-16T17:21:31.017Z] >>> [apiv2][query] GET https://firebase.googleapis.com/v1beta1/projects/vcode-1234 [none]
[debug] [2024-10-16T17:21:32.479Z] <<< [apiv2][status] GET https://firebase.googleapis.com/v1beta1/projects/vcode-1234 200
[debug] [2024-10-16T17:21:32.480Z] <<< [apiv2][body] GET https://firebase.googleapis.com/v1beta1/projects/vcode-1234 {"projectId":"vcode-1234","projectNumber":"975914981944","displayName":"vcode","name":"projects/vcode-1234","resources":{"hostingSite":"vcode-1234","storageBucket":"vcode-1234.appspot.com","locationId":"us-central"},"state":"ACTIVE","etag":"1_6b22215a-2f25-45da-81ec-8da4d9b48674"}
[info] 
[info] Your public directory is the folder (relative to your project directory) that
[info] will contain Hosting assets to be uploaded with firebase deploy. If you
[info] have a build process for your assets, use your build's output directory.
[info] 
[debug] [2024-10-16T17:21:43.926Z] >>> [apiv2][query] GET https://www.gstatic.com/firebasejs/releases.json [none]
[debug] [2024-10-16T17:21:46.351Z] <<< [apiv2][status] GET https://www.gstatic.com/firebasejs/releases.json 200
[debug] [2024-10-16T17:21:46.352Z] <<< [apiv2][body] GET https://www.gstatic.com/firebasejs/releases.json {"current":{"version":"10.14.1","browserURL":"https://www.gstatic.com/firebasejs/10.14.1/firebase.js","packageURL":"https://www.gstatic.com/firebasejs/10.14.1/firebase.tgz"},"live":{"version":"10.14","browserURL":"https://www.gstatic.com/firebasejs/live/10.14/firebase.js","packageURL":"https://www.gstatic.com/firebasejs/live/10.14/firebase.tgz"},"components":{"analytics":"https://www.gstatic.com/firebasejs/10.14.1/firebase-analytics.js","app":"https://www.gstatic.com/firebasejs/10.14.1/firebase-app.js","app-check":"https://www.gstatic.com/firebasejs/10.14.1/firebase-app-check.js","auth":"https://www.gstatic.com/firebasejs/10.14.1/firebase-auth.js","auth/cordova":"https://www.gstatic.com/firebasejs/10.14.1/firebase-auth/cordova.js","auth/web-extension":"https://www.gstatic.com/firebasejs/10.14.1/firebase-auth/web-extension.js","functions":"https://www.gstatic.com/firebasejs/10.14.1/firebase-functions.js","firestore":"https://www.gstatic.com/firebasejs/10.14.1/firebase-firestore.js","firestore/lite":"https://www.gstatic.com/firebasejs/10.14.1/firebase-firestore/lite.js","installations":"https://www.gstatic.com/firebasejs/10.14.1/firebase-installations.js","storage":"https://www.gstatic.com/firebasejs/10.14.1/firebase-storage.js","performance":"https://www.gstatic.com/firebasejs/10.14.1/firebase-performance.js","remote-config":"https://www.gstatic.com/firebasejs/10.14.1/firebase-remote-config.js","messaging":"https://www.gstatic.com/firebasejs/10.14.1/firebase-messaging.js","messaging/sw":"https://www.gstatic.com/firebasejs/10.14.1/firebase-messaging/sw.js","database":"https://www.gstatic.com/firebasejs/10.14.1/firebase-database.js","data-connect":"https://www.gstatic.com/firebasejs/10.14.1/firebase-data-connect.js","vertexai-preview":"https://www.gstatic.com/firebasejs/10.14.1/firebase-vertexai-preview.js","firestore.memory":"https://www.gstatic.com/firebasejs/10.14.1/firebase-firestore.memory.js"}}
[info] +  Wrote build/index.html 
[info] 
[info] i  Didn't detect a .git folder. Assuming C:\Users\Arvind\Desktop\final\vcode is the project root. 
[info] i  Authorizing with GitHub to upload your service account to a GitHub repository's secrets store. 
[info] 
[info] Visit this URL on this device to log in:
[info] https://github.com/login/oauth/authorize?client_id=89cf50f02ac6aaed3484&state=873453106&redirect_uri=http%3A%2F%2Flocalhost%3A9005&scope=read%3Auser%20repo%20public_repo
[info] 
[info] Waiting for authentication...
[debug] [2024-10-16T17:26:48.070Z] >>> [apiv2][query] POST https://github.com/login/oauth/access_token [none]
[debug] [2024-10-16T17:26:48.070Z] >>> [apiv2][body] POST https://github.com/login/oauth/access_token [stream]
[debug] [2024-10-16T17:26:48.645Z] <<< [apiv2][status] POST https://github.com/login/oauth/access_token 200
[debug] [2024-10-16T17:26:48.645Z] <<< [apiv2][body] POST https://github.com/login/oauth/access_token {"access_token":"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","token_type":"bearer","scope":"read:user,repo"}
[debug] [2024-10-16T17:26:48.674Z] >>> [apiv2][query] GET https://api.github.com/user [none]
[debug] [2024-10-16T17:26:49.280Z] <<< [apiv2][status] GET https://api.github.com/user 200
[debug] [2024-10-16T17:26:49.281Z] <<< [apiv2][body] GET https://api.github.com/user {"login":"iarvindswamy","id":180380235,"node_id":"U_kgDOCsBiSw","avatar_url":"https://avatars.githubusercontent.com/u/180380235?v=4","gravatar_id":"","url":"https://api.github.com/users/iarvindswamy","html_url":"https://github.com/iarvindswamy","followers_url":"https://api.github.com/users/iarvindswamy/followers","following_url":"https://api.github.com/users/iarvindswamy/following{/other_user}","gists_url":"https://api.github.com/users/iarvindswamy/gists{/gist_id}","starred_url":"https://api.github.com/users/iarvindswamy/starred{/owner}{/repo}","subscriptions_url":"https://api.github.com/users/iarvindswamy/subscriptions","organizations_url":"https://api.github.com/users/iarvindswamy/orgs","repos_url":"https://api.github.com/users/iarvindswamy/repos","events_url":"https://api.github.com/users/iarvindswamy/events{/privacy}","received_events_url":"https://api.github.com/users/iarvindswamy/received_events","type":"User","site_admin":false,"name":null,"company":null,"blog":"","location":null,"email":null,"hireable":null,"bio":null,"twitter_username":null,"notification_email":null,"public_repos":4,"public_gists":0,"followers":0,"following":0,"created_at":"2024-09-04T06:16:01Z","updated_at":"2024-09-30T03:46:00Z","private_gists":0,"total_private_repos":0,"owned_private_repos":0,"disk_usage":38,"collaborators":0,"two_factor_authentication":false,"plan":{"name":"free","space":976562499,"collaborators":0,"private_repos":10000}}
[info] 
[info] +  Success! Logged into GitHub as iarvindswamy 
[info] 
